<?xml version="1.0" encoding="UTF-8"?>
<!-- Generated by org.testng.reporters.JUnitReportReporter -->
<testsuite skipped="0" hostname="My-PC" name="com.mystore.testcases.IndexPageTest" tests="1" failures="0" timestamp="2022-01-17T23:21:46 IST" time="34.504" errors="0">
  <testcase name="verifyLogo" time="34.504" classname="com.mystore.testcases.IndexPageTest"/>
  <system-out/>
</testsuite> <!-- com.mystore.testcases.IndexPageTest -->
