<?xml version="1.0" encoding="UTF-8"?>
<!-- Generated by org.testng.reporters.JUnitReportReporter -->
<testsuite skipped="0" hostname="My-PC" name="com.mystore.testcases.SearchResultPageTest" tests="1" failures="0" timestamp="2022-01-18T22:44:00 IST" time="31.068" errors="0">
  <testcase name="productAvailabilityTest" time="31.068" classname="com.mystore.testcases.SearchResultPageTest"/>
  <system-out/>
</testsuite> <!-- com.mystore.testcases.SearchResultPageTest -->
