<?xml version="1.0" encoding="UTF-8"?>
<!-- Generated by org.testng.reporters.JUnitReportReporter -->
<testsuite skipped="0" hostname="My-PC" name="com.mystore.testcases.AccountCreationPageTest" tests="1" failures="0" timestamp="2022-01-18T22:19:48 IST" time="32.858" errors="0">
  <testcase name="verifyCreateAccountPageTest" time="32.858" classname="com.mystore.testcases.AccountCreationPageTest"/>
  <system-out/>
</testsuite> <!-- com.mystore.testcases.AccountCreationPageTest -->
