<?xml version="1.0" encoding="UTF-8"?>
<!-- Generated by org.testng.reporters.JUnitReportReporter -->
<testsuite skipped="0" hostname="My-PC" name="com.mystore.testcases.LoginPageTest" tests="1" failures="0" timestamp="2022-01-17T23:34:41 IST" time="43.370" errors="0">
  <testcase name="loginTest" time="43.370" classname="com.mystore.testcases.LoginPageTest"/>
  <system-out/>
</testsuite> <!-- com.mystore.testcases.LoginPageTest -->
