<?xml version="1.0" encoding="UTF-8"?>
<!-- Generated by org.testng.reporters.JUnitReportReporter -->
<testsuite skipped="0" hostname="My-PC" name="com.mystore.testcases.OrderPageTest" tests="1" failures="0" timestamp="2022-01-18T23:22:11 IST" time="41.886" errors="0">
  <testcase name="verifyTotalPrice" time="41.886" classname="com.mystore.testcases.OrderPageTest"/>
  <system-out/>
</testsuite> <!-- com.mystore.testcases.OrderPageTest -->
