<?xml version="1.0" encoding="UTF-8"?>
<!-- Generated by org.testng.reporters.JUnitReportReporter -->
<testsuite skipped="0" hostname="My-PC" name="com.mystore.testcases.HomePageTest" tests="2" failures="0" timestamp="2022-01-17T23:48:00 IST" time="74.043" errors="0">
  <testcase name="wishListTest" time="29.474" classname="com.mystore.testcases.HomePageTest"/>
  <system-out/>
  <testcase name="orderHistoryAndDetailsTest" time="44.569" classname="com.mystore.testcases.HomePageTest"/>
  <system-out/>
</testsuite> <!-- com.mystore.testcases.HomePageTest -->
